app/build/intermediates/manifest_merge_blame_file/debug/processDebugMainManifest/manifest-merger-blame-debug-report.txt
1<?xml version="1.0" encoding="utf-8"?>
2<manifest xmlns:android="http://schemas.android.com/apk/res/android"
3    package="com.example.sportial"
4    android:versionCode="1"
5    android:versionName="1.0" >
6
7    <uses-sdk
8        android:minSdkVersion="27"
9        android:targetSdkVersion="34" />
10
11    <uses-permission android:name="android.permission.READ_EXTERNAL_STORAGE" />
11-->src\main\AndroidManifest.xml:5:5-80
11-->src\main\AndroidManifest.xml:5:22-77
12
13    <!-- Include required permissions for Google Maps API to run. -->
14    <uses-permission android:name="android.permission.ACCESS_NETWORK_STATE" />
14-->[com.google.android.gms:play-services-maps:18.1.0] AndroidManifest.xml:23:5-79
14-->[com.google.android.gms:play-services-maps:18.1.0] AndroidManifest.xml:23:22-76
15    <uses-permission android:name="android.permission.INTERNET" />
15-->[com.google.android.gms:play-services-maps:18.1.0] AndroidManifest.xml:24:5-67
15-->[com.google.android.gms:play-services-maps:18.1.0] AndroidManifest.xml:24:22-64
16
17    <uses-feature
17-->[com.google.android.gms:play-services-maps:18.1.0] AndroidManifest.xml:26:5-28:35
18        android:glEsVersion="0x00020000"
18-->[com.google.android.gms:play-services-maps:18.1.0] AndroidManifest.xml:27:9-41
19        android:required="true" />
19-->[com.google.android.gms:play-services-maps:18.1.0] AndroidManifest.xml:28:9-32
20
21    <queries>
21-->[com.google.android.gms:play-services-maps:18.1.0] AndroidManifest.xml:30:5-34:15
22
23        <!-- Needs to be explicitly declared on Android R+ -->
24        <package android:name="com.google.android.apps.maps" />
24-->[com.google.android.gms:play-services-maps:18.1.0] AndroidManifest.xml:33:9-64
24-->[com.google.android.gms:play-services-maps:18.1.0] AndroidManifest.xml:33:18-61
25    </queries>
26
27    <uses-permission android:name="com.google.android.providers.gsf.permission.READ_GSERVICES" />
27-->[com.google.android.recaptcha:recaptcha:18.4.0] AndroidManifest.xml:9:5-98
27-->[com.google.android.recaptcha:recaptcha:18.4.0] AndroidManifest.xml:9:22-95
28
29    <permission
29-->[androidx.core:core:1.9.0] AndroidManifest.xml:22:5-24:47
30        android:name="com.example.sportial.DYNAMIC_RECEIVER_NOT_EXPORTED_PERMISSION"
30-->[androidx.core:core:1.9.0] AndroidManifest.xml:23:9-81
31        android:protectionLevel="signature" />
31-->[androidx.core:core:1.9.0] AndroidManifest.xml:24:9-44
32
33    <uses-permission android:name="com.example.sportial.DYNAMIC_RECEIVER_NOT_EXPORTED_PERMISSION" />
33-->[androidx.core:core:1.9.0] AndroidManifest.xml:26:5-97
33-->[androidx.core:core:1.9.0] AndroidManifest.xml:26:22-94
34
35    <application
35-->src\main\AndroidManifest.xml:7:5-68:19
36        android:allowBackup="true"
36-->src\main\AndroidManifest.xml:8:9-35
37        android:appComponentFactory="androidx.core.app.CoreComponentFactory"
37-->[androidx.core:core:1.9.0] AndroidManifest.xml:28:18-86
38        android:dataExtractionRules="@xml/data_extraction_rules"
38-->src\main\AndroidManifest.xml:9:9-65
39        android:debuggable="true"
40        android:extractNativeLibs="false"
41        android:fullBackupContent="@xml/backup_rules"
41-->src\main\AndroidManifest.xml:10:9-54
42        android:icon="@mipmap/ic_launcher"
42-->src\main\AndroidManifest.xml:11:9-43
43        android:label="@string/app_name"
43-->src\main\AndroidManifest.xml:12:9-41
44        android:roundIcon="@mipmap/ic_launcher_round"
44-->src\main\AndroidManifest.xml:13:9-54
45        android:supportsRtl="true"
45-->src\main\AndroidManifest.xml:14:9-35
46        android:testOnly="true"
47        android:theme="@style/Theme.Sportial" >
47-->src\main\AndroidManifest.xml:15:9-46
48        <activity
48-->src\main\AndroidManifest.xml:18:9-20:39
49            android:name="com.example.sportial.UI.ProfilePageActivity"
49-->src\main\AndroidManifest.xml:19:13-51
50            android:exported="true" />
50-->src\main\AndroidManifest.xml:20:13-36
51        <activity
51-->src\main\AndroidManifest.xml:21:9-23:39
52            android:name="com.example.sportial.UI.sportChoiceActivity"
52-->src\main\AndroidManifest.xml:22:13-51
53            android:exported="true" />
53-->src\main\AndroidManifest.xml:23:13-36
54        <activity
54-->src\main\AndroidManifest.xml:24:9-34:20
55            android:name="com.example.sportial.ImageUploadActivity"
55-->src\main\AndroidManifest.xml:25:13-48
56            android:exported="true" >
56-->src\main\AndroidManifest.xml:26:13-36
57            <intent-filter>
57-->src\main\AndroidManifest.xml:27:13-33:29
58                <action android:name="android.intent.action.PICK" />
58-->src\main\AndroidManifest.xml:28:17-69
58-->src\main\AndroidManifest.xml:28:25-66
59
60                <category android:name="android.intent.category.DEFAULT" />
60-->src\main\AndroidManifest.xml:30:17-76
60-->src\main\AndroidManifest.xml:30:27-73
61
62                <data android:mimeType="image/*" />
62-->src\main\AndroidManifest.xml:32:17-52
62-->src\main\AndroidManifest.xml:32:23-49
63            </intent-filter>
64        </activity>
65        <!--
66             TODO: Before you run your application, you need a Google Maps API key.
67
68             To get one, follow the directions here:
69
70                https://developers.google.com/maps/documentation/android-sdk/get-api-key
71
72             Once you have your API key (it starts with "AIza"), define a new property in your
73             project's local.properties file (e.g. MAPS_API_KEY=Aiza...), and replace the
74             "YOUR_API_KEY" string in this file with "${MAPS_API_KEY}".
75        -->
76        <meta-data
76-->src\main\AndroidManifest.xml:46:9-48:44
77            android:name="com.google.android.geo.API_KEY"
77-->src\main\AndroidManifest.xml:47:13-58
78            android:value="YOUR_API_KEY" />
78-->src\main\AndroidManifest.xml:48:13-41
79        <meta-data
79-->src\main\AndroidManifest.xml:49:9-51:57
80            android:name="preloaded_fonts"
80-->src\main\AndroidManifest.xml:50:13-43
81            android:resource="@array/preloaded_fonts" />
81-->src\main\AndroidManifest.xml:51:13-54
82
83        <activity
83-->src\main\AndroidManifest.xml:53:9-55:39
84            android:name="com.example.sportial.ProfileCreationActivity"
84-->src\main\AndroidManifest.xml:54:13-52
85            android:exported="true" />
85-->src\main\AndroidManifest.xml:55:13-36
86        <activity
86-->src\main\AndroidManifest.xml:56:9-58:39
87            android:name="com.example.sportial.SignupActivity"
87-->src\main\AndroidManifest.xml:57:13-43
88            android:exported="true" />
88-->src\main\AndroidManifest.xml:58:13-36
89        <activity
89-->src\main\AndroidManifest.xml:59:9-67:20
90            android:name="com.example.sportial.MainActivity"
90-->src\main\AndroidManifest.xml:60:13-41
91            android:exported="true" >
91-->src\main\AndroidManifest.xml:61:13-36
92            <intent-filter>
92-->src\main\AndroidManifest.xml:62:13-66:29
93                <action android:name="android.intent.action.MAIN" />
93-->src\main\AndroidManifest.xml:63:17-69
93-->src\main\AndroidManifest.xml:63:25-66
94
95                <category android:name="android.intent.category.LAUNCHER" />
95-->src\main\AndroidManifest.xml:65:17-77
95-->src\main\AndroidManifest.xml:65:27-74
96            </intent-filter>
97        </activity>
98        <!-- Needs to be explicitly declared on P+ -->
99        <uses-library
99-->[com.google.android.gms:play-services-maps:18.1.0] AndroidManifest.xml:39:9-41:40
100            android:name="org.apache.http.legacy"
100-->[com.google.android.gms:play-services-maps:18.1.0] AndroidManifest.xml:40:13-50
101            android:required="false" />
101-->[com.google.android.gms:play-services-maps:18.1.0] AndroidManifest.xml:41:13-37
102
103        <activity
103-->[com.google.firebase:firebase-auth:23.0.0] AndroidManifest.xml:29:9-46:20
104            android:name="com.google.firebase.auth.internal.GenericIdpActivity"
104-->[com.google.firebase:firebase-auth:23.0.0] AndroidManifest.xml:30:13-80
105            android:excludeFromRecents="true"
105-->[com.google.firebase:firebase-auth:23.0.0] AndroidManifest.xml:31:13-46
106            android:exported="true"
106-->[com.google.firebase:firebase-auth:23.0.0] AndroidManifest.xml:32:13-36
107            android:launchMode="singleTask"
107-->[com.google.firebase:firebase-auth:23.0.0] AndroidManifest.xml:33:13-44
108            android:theme="@android:style/Theme.Translucent.NoTitleBar" >
108-->[com.google.firebase:firebase-auth:23.0.0] AndroidManifest.xml:34:13-72
109            <intent-filter>
109-->[com.google.firebase:firebase-auth:23.0.0] AndroidManifest.xml:35:13-45:29
110                <action android:name="android.intent.action.VIEW" />
110-->[com.google.firebase:firebase-auth:23.0.0] AndroidManifest.xml:36:17-69
110-->[com.google.firebase:firebase-auth:23.0.0] AndroidManifest.xml:36:25-66
111
112                <category android:name="android.intent.category.DEFAULT" />
112-->src\main\AndroidManifest.xml:30:17-76
112-->src\main\AndroidManifest.xml:30:27-73
113                <category android:name="android.intent.category.BROWSABLE" />
113-->[com.google.firebase:firebase-auth:23.0.0] AndroidManifest.xml:39:17-78
113-->[com.google.firebase:firebase-auth:23.0.0] AndroidManifest.xml:39:27-75
114
115                <data
115-->src\main\AndroidManifest.xml:32:17-52
116                    android:host="firebase.auth"
117                    android:path="/"
118                    android:scheme="genericidp" />
119            </intent-filter>
120        </activity>
121        <activity
121-->[com.google.firebase:firebase-auth:23.0.0] AndroidManifest.xml:47:9-64:20
122            android:name="com.google.firebase.auth.internal.RecaptchaActivity"
122-->[com.google.firebase:firebase-auth:23.0.0] AndroidManifest.xml:48:13-79
123            android:excludeFromRecents="true"
123-->[com.google.firebase:firebase-auth:23.0.0] AndroidManifest.xml:49:13-46
124            android:exported="true"
124-->[com.google.firebase:firebase-auth:23.0.0] AndroidManifest.xml:50:13-36
125            android:launchMode="singleTask"
125-->[com.google.firebase:firebase-auth:23.0.0] AndroidManifest.xml:51:13-44
126            android:theme="@android:style/Theme.Translucent.NoTitleBar" >
126-->[com.google.firebase:firebase-auth:23.0.0] AndroidManifest.xml:52:13-72
127            <intent-filter>
127-->[com.google.firebase:firebase-auth:23.0.0] AndroidManifest.xml:53:13-63:29
128                <action android:name="android.intent.action.VIEW" />
128-->[com.google.firebase:firebase-auth:23.0.0] AndroidManifest.xml:36:17-69
128-->[com.google.firebase:firebase-auth:23.0.0] AndroidManifest.xml:36:25-66
129
130                <category android:name="android.intent.category.DEFAULT" />
130-->src\main\AndroidManifest.xml:30:17-76
130-->src\main\AndroidManifest.xml:30:27-73
131                <category android:name="android.intent.category.BROWSABLE" />
131-->[com.google.firebase:firebase-auth:23.0.0] AndroidManifest.xml:39:17-78
131-->[com.google.firebase:firebase-auth:23.0.0] AndroidManifest.xml:39:27-75
132
133                <data
133-->src\main\AndroidManifest.xml:32:17-52
134                    android:host="firebase.auth"
135                    android:path="/"
136                    android:scheme="recaptcha" />
137            </intent-filter>
138        </activity>
139
140        <service
140-->[com.google.firebase:firebase-auth:23.0.0] AndroidManifest.xml:66:9-72:19
141            android:name="com.google.firebase.components.ComponentDiscoveryService"
141-->[com.google.firebase:firebase-auth:23.0.0] AndroidManifest.xml:67:13-84
142            android:directBootAware="true"
142-->[com.google.firebase:firebase-common:21.0.0] AndroidManifest.xml:32:13-43
143            android:exported="false" >
143-->[com.google.firebase:firebase-auth:23.0.0] AndroidManifest.xml:68:13-37
144            <meta-data
144-->[com.google.firebase:firebase-auth:23.0.0] AndroidManifest.xml:69:13-71:85
145                android:name="com.google.firebase.components:com.google.firebase.auth.FirebaseAuthRegistrar"
145-->[com.google.firebase:firebase-auth:23.0.0] AndroidManifest.xml:70:17-109
146                android:value="com.google.firebase.components.ComponentRegistrar" />
146-->[com.google.firebase:firebase-auth:23.0.0] AndroidManifest.xml:71:17-82
147            <meta-data
147-->[com.google.firebase:firebase-database:21.0.0] AndroidManifest.xml:29:13-31:85
148                android:name="com.google.firebase.components:com.google.firebase.database.FirebaseDatabaseKtxRegistrar"
148-->[com.google.firebase:firebase-database:21.0.0] AndroidManifest.xml:30:17-120
149                android:value="com.google.firebase.components.ComponentRegistrar" />
149-->[com.google.firebase:firebase-database:21.0.0] AndroidManifest.xml:31:17-82
150            <meta-data
150-->[com.google.firebase:firebase-database:21.0.0] AndroidManifest.xml:32:13-34:85
151                android:name="com.google.firebase.components:com.google.firebase.database.DatabaseRegistrar"
151-->[com.google.firebase:firebase-database:21.0.0] AndroidManifest.xml:33:17-109
152                android:value="com.google.firebase.components.ComponentRegistrar" />
152-->[com.google.firebase:firebase-database:21.0.0] AndroidManifest.xml:34:17-82
153            <meta-data
153-->[com.google.firebase:firebase-storage:21.0.0] AndroidManifest.xml:30:13-32:85
154                android:name="com.google.firebase.components:com.google.firebase.storage.FirebaseStorageKtxRegistrar"
154-->[com.google.firebase:firebase-storage:21.0.0] AndroidManifest.xml:31:17-118
155                android:value="com.google.firebase.components.ComponentRegistrar" />
155-->[com.google.firebase:firebase-storage:21.0.0] AndroidManifest.xml:32:17-82
156            <meta-data
156-->[com.google.firebase:firebase-storage:21.0.0] AndroidManifest.xml:33:13-35:85
157                android:name="com.google.firebase.components:com.google.firebase.storage.StorageRegistrar"
157-->[com.google.firebase:firebase-storage:21.0.0] AndroidManifest.xml:34:17-107
158                android:value="com.google.firebase.components.ComponentRegistrar" />
158-->[com.google.firebase:firebase-storage:21.0.0] AndroidManifest.xml:35:17-82
159            <meta-data
159-->[com.google.firebase:firebase-firestore:25.0.0] AndroidManifest.xml:17:13-19:85
160                android:name="com.google.firebase.components:com.google.firebase.firestore.FirebaseFirestoreKtxRegistrar"
160-->[com.google.firebase:firebase-firestore:25.0.0] AndroidManifest.xml:18:17-122
161                android:value="com.google.firebase.components.ComponentRegistrar" />
161-->[com.google.firebase:firebase-firestore:25.0.0] AndroidManifest.xml:19:17-82
162            <meta-data
162-->[com.google.firebase:firebase-firestore:25.0.0] AndroidManifest.xml:20:13-22:85
163                android:name="com.google.firebase.components:com.google.firebase.firestore.FirestoreRegistrar"
163-->[com.google.firebase:firebase-firestore:25.0.0] AndroidManifest.xml:21:17-111
164                android:value="com.google.firebase.components.ComponentRegistrar" />
164-->[com.google.firebase:firebase-firestore:25.0.0] AndroidManifest.xml:22:17-82
165            <meta-data
165-->[com.google.firebase:firebase-appcheck:18.0.0] AndroidManifest.xml:25:13-27:85
166                android:name="com.google.firebase.components:com.google.firebase.appcheck.FirebaseAppCheckKtxRegistrar"
166-->[com.google.firebase:firebase-appcheck:18.0.0] AndroidManifest.xml:26:17-120
167                android:value="com.google.firebase.components.ComponentRegistrar" />
167-->[com.google.firebase:firebase-appcheck:18.0.0] AndroidManifest.xml:27:17-82
168            <meta-data
168-->[com.google.firebase:firebase-appcheck:18.0.0] AndroidManifest.xml:28:13-30:85
169                android:name="com.google.firebase.components:com.google.firebase.appcheck.FirebaseAppCheckRegistrar"
169-->[com.google.firebase:firebase-appcheck:18.0.0] AndroidManifest.xml:29:17-117
170                android:value="com.google.firebase.components.ComponentRegistrar" />
170-->[com.google.firebase:firebase-appcheck:18.0.0] AndroidManifest.xml:30:17-82
171            <meta-data
171-->[com.google.firebase:firebase-common-ktx:21.0.0] AndroidManifest.xml:12:13-14:85
172                android:name="com.google.firebase.components:com.google.firebase.ktx.FirebaseCommonLegacyRegistrar"
172-->[com.google.firebase:firebase-common-ktx:21.0.0] AndroidManifest.xml:13:17-116
173                android:value="com.google.firebase.components.ComponentRegistrar" />
173-->[com.google.firebase:firebase-common-ktx:21.0.0] AndroidManifest.xml:14:17-82
174            <meta-data
174-->[com.google.firebase:firebase-common:21.0.0] AndroidManifest.xml:35:13-37:85
175                android:name="com.google.firebase.components:com.google.firebase.FirebaseCommonKtxRegistrar"
175-->[com.google.firebase:firebase-common:21.0.0] AndroidManifest.xml:36:17-109
176                android:value="com.google.firebase.components.ComponentRegistrar" />
176-->[com.google.firebase:firebase-common:21.0.0] AndroidManifest.xml:37:17-82
177        </service>
178        <service
178-->[androidx.credentials:credentials-play-services-auth:1.2.0-rc01] AndroidManifest.xml:24:9-32:19
179            android:name="androidx.credentials.playservices.CredentialProviderMetadataHolder"
179-->[androidx.credentials:credentials-play-services-auth:1.2.0-rc01] AndroidManifest.xml:25:13-94
180            android:enabled="true"
180-->[androidx.credentials:credentials-play-services-auth:1.2.0-rc01] AndroidManifest.xml:26:13-35
181            android:exported="false" >
181-->[androidx.credentials:credentials-play-services-auth:1.2.0-rc01] AndroidManifest.xml:27:13-37
182            <meta-data
182-->[androidx.credentials:credentials-play-services-auth:1.2.0-rc01] AndroidManifest.xml:29:13-31:104
183                android:name="androidx.credentials.CREDENTIAL_PROVIDER_KEY"
183-->[androidx.credentials:credentials-play-services-auth:1.2.0-rc01] AndroidManifest.xml:30:17-76
184                android:value="androidx.credentials.playservices.CredentialProviderPlayServicesImpl" />
184-->[androidx.credentials:credentials-play-services-auth:1.2.0-rc01] AndroidManifest.xml:31:17-101
185        </service>
186
187        <activity
187-->[androidx.credentials:credentials-play-services-auth:1.2.0-rc01] AndroidManifest.xml:34:9-41:20
188            android:name="androidx.credentials.playservices.HiddenActivity"
188-->[androidx.credentials:credentials-play-services-auth:1.2.0-rc01] AndroidManifest.xml:35:13-76
189            android:configChanges="orientation|screenSize|screenLayout|keyboardHidden"
189-->[androidx.credentials:credentials-play-services-auth:1.2.0-rc01] AndroidManifest.xml:36:13-87
190            android:enabled="true"
190-->[androidx.credentials:credentials-play-services-auth:1.2.0-rc01] AndroidManifest.xml:37:13-35
191            android:exported="false"
191-->[androidx.credentials:credentials-play-services-auth:1.2.0-rc01] AndroidManifest.xml:38:13-37
192            android:fitsSystemWindows="true"
192-->[androidx.credentials:credentials-play-services-auth:1.2.0-rc01] AndroidManifest.xml:39:13-45
193            android:theme="@style/Theme.Hidden" >
193-->[androidx.credentials:credentials-play-services-auth:1.2.0-rc01] AndroidManifest.xml:40:13-48
194        </activity>
195        <activity
195-->[com.google.android.gms:play-services-auth:20.7.0] AndroidManifest.xml:23:9-27:75
196            android:name="com.google.android.gms.auth.api.signin.internal.SignInHubActivity"
196-->[com.google.android.gms:play-services-auth:20.7.0] AndroidManifest.xml:24:13-93
197            android:excludeFromRecents="true"
197-->[com.google.android.gms:play-services-auth:20.7.0] AndroidManifest.xml:25:13-46
198            android:exported="false"
198-->[com.google.android.gms:play-services-auth:20.7.0] AndroidManifest.xml:26:13-37
199            android:theme="@android:style/Theme.Translucent.NoTitleBar" />
199-->[com.google.android.gms:play-services-auth:20.7.0] AndroidManifest.xml:27:13-72
200        <!--
201            Service handling Google Sign-In user revocation. For apps that do not integrate with
202            Google Sign-In, this service will never be started.
203        -->
204        <service
204-->[com.google.android.gms:play-services-auth:20.7.0] AndroidManifest.xml:33:9-37:51
205            android:name="com.google.android.gms.auth.api.signin.RevocationBoundService"
205-->[com.google.android.gms:play-services-auth:20.7.0] AndroidManifest.xml:34:13-89
206            android:exported="true"
206-->[com.google.android.gms:play-services-auth:20.7.0] AndroidManifest.xml:35:13-36
207            android:permission="com.google.android.gms.auth.api.signin.permission.REVOCATION_NOTIFICATION"
207-->[com.google.android.gms:play-services-auth:20.7.0] AndroidManifest.xml:36:13-107
208            android:visibleToInstantApps="true" />
208-->[com.google.android.gms:play-services-auth:20.7.0] AndroidManifest.xml:37:13-48
209
210        <activity
210-->[com.google.android.gms:play-services-base:18.1.0] AndroidManifest.xml:20:9-22:45
211            android:name="com.google.android.gms.common.api.GoogleApiActivity"
211-->[com.google.android.gms:play-services-base:18.1.0] AndroidManifest.xml:20:19-85
212            android:exported="false"
212-->[com.google.android.gms:play-services-base:18.1.0] AndroidManifest.xml:22:19-43
213            android:theme="@android:style/Theme.Translucent.NoTitleBar" />
213-->[com.google.android.gms:play-services-base:18.1.0] AndroidManifest.xml:21:19-78
214
215        <provider
215-->[com.google.firebase:firebase-common:21.0.0] AndroidManifest.xml:23:9-28:39
216            android:name="com.google.firebase.provider.FirebaseInitProvider"
216-->[com.google.firebase:firebase-common:21.0.0] AndroidManifest.xml:24:13-77
217            android:authorities="com.example.sportial.firebaseinitprovider"
217-->[com.google.firebase:firebase-common:21.0.0] AndroidManifest.xml:25:13-72
218            android:directBootAware="true"
218-->[com.google.firebase:firebase-common:21.0.0] AndroidManifest.xml:26:13-43
219            android:exported="false"
219-->[com.google.firebase:firebase-common:21.0.0] AndroidManifest.xml:27:13-37
220            android:initOrder="100" />
220-->[com.google.firebase:firebase-common:21.0.0] AndroidManifest.xml:28:13-36
221        <provider
221-->[androidx.emoji2:emoji2:1.2.0] AndroidManifest.xml:24:9-32:20
222            android:name="androidx.startup.InitializationProvider"
222-->[androidx.emoji2:emoji2:1.2.0] AndroidManifest.xml:25:13-67
223            android:authorities="com.example.sportial.androidx-startup"
223-->[androidx.emoji2:emoji2:1.2.0] AndroidManifest.xml:26:13-68
224            android:exported="false" >
224-->[androidx.emoji2:emoji2:1.2.0] AndroidManifest.xml:27:13-37
225            <meta-data
225-->[androidx.emoji2:emoji2:1.2.0] AndroidManifest.xml:29:13-31:52
226                android:name="androidx.emoji2.text.EmojiCompatInitializer"
226-->[androidx.emoji2:emoji2:1.2.0] AndroidManifest.xml:30:17-75
227                android:value="androidx.startup" />
227-->[androidx.emoji2:emoji2:1.2.0] AndroidManifest.xml:31:17-49
228            <meta-data
228-->[androidx.lifecycle:lifecycle-process:2.6.1] AndroidManifest.xml:29:13-31:52
229                android:name="androidx.lifecycle.ProcessLifecycleInitializer"
229-->[androidx.lifecycle:lifecycle-process:2.6.1] AndroidManifest.xml:30:17-78
230                android:value="androidx.startup" />
230-->[androidx.lifecycle:lifecycle-process:2.6.1] AndroidManifest.xml:31:17-49
231            <meta-data
231-->[androidx.profileinstaller:profileinstaller:1.3.1] AndroidManifest.xml:29:13-31:52
232                android:name="androidx.profileinstaller.ProfileInstallerInitializer"
232-->[androidx.profileinstaller:profileinstaller:1.3.1] AndroidManifest.xml:30:17-85
233                android:value="androidx.startup" />
233-->[androidx.profileinstaller:profileinstaller:1.3.1] AndroidManifest.xml:31:17-49
234        </provider>
235
236        <uses-library
236-->[androidx.window:window:1.0.0] AndroidManifest.xml:25:9-27:40
237            android:name="androidx.window.extensions"
237-->[androidx.window:window:1.0.0] AndroidManifest.xml:26:13-54
238            android:required="false" />
238-->[androidx.window:window:1.0.0] AndroidManifest.xml:27:13-37
239        <uses-library
239-->[androidx.window:window:1.0.0] AndroidManifest.xml:28:9-30:40
240            android:name="androidx.window.sidecar"
240-->[androidx.window:window:1.0.0] AndroidManifest.xml:29:13-51
241            android:required="false" />
241-->[androidx.window:window:1.0.0] AndroidManifest.xml:30:13-37
242
243        <meta-data
243-->[com.google.android.gms:play-services-basement:18.3.0] AndroidManifest.xml:21:9-23:69
244            android:name="com.google.android.gms.version"
244-->[com.google.android.gms:play-services-basement:18.3.0] AndroidManifest.xml:22:13-58
245            android:value="@integer/google_play_services_version" />
245-->[com.google.android.gms:play-services-basement:18.3.0] AndroidManifest.xml:23:13-66
246
247        <receiver
247-->[androidx.profileinstaller:profileinstaller:1.3.1] AndroidManifest.xml:34:9-52:20
248            android:name="androidx.profileinstaller.ProfileInstallReceiver"
248-->[androidx.profileinstaller:profileinstaller:1.3.1] AndroidManifest.xml:35:13-76
249            android:directBootAware="false"
249-->[androidx.profileinstaller:profileinstaller:1.3.1] AndroidManifest.xml:36:13-44
250            android:enabled="true"
250-->[androidx.profileinstaller:profileinstaller:1.3.1] AndroidManifest.xml:37:13-35
251            android:exported="true"
251-->[androidx.profileinstaller:profileinstaller:1.3.1] AndroidManifest.xml:38:13-36
252            android:permission="android.permission.DUMP" >
252-->[androidx.profileinstaller:profileinstaller:1.3.1] AndroidManifest.xml:39:13-57
253            <intent-filter>
253-->[androidx.profileinstaller:profileinstaller:1.3.1] AndroidManifest.xml:40:13-42:29
254                <action android:name="androidx.profileinstaller.action.INSTALL_PROFILE" />
254-->[androidx.profileinstaller:profileinstaller:1.3.1] AndroidManifest.xml:41:17-91
254-->[androidx.profileinstaller:profileinstaller:1.3.1] AndroidManifest.xml:41:25-88
255            </intent-filter>
256            <intent-filter>
256-->[androidx.profileinstaller:profileinstaller:1.3.1] AndroidManifest.xml:43:13-45:29
257                <action android:name="androidx.profileinstaller.action.SKIP_FILE" />
257-->[androidx.profileinstaller:profileinstaller:1.3.1] AndroidManifest.xml:44:17-85
257-->[androidx.profileinstaller:profileinstaller:1.3.1] AndroidManifest.xml:44:25-82
258            </intent-filter>
259            <intent-filter>
259-->[androidx.profileinstaller:profileinstaller:1.3.1] AndroidManifest.xml:46:13-48:29
260                <action android:name="androidx.profileinstaller.action.SAVE_PROFILE" />
260-->[androidx.profileinstaller:profileinstaller:1.3.1] AndroidManifest.xml:47:17-88
260-->[androidx.profileinstaller:profileinstaller:1.3.1] AndroidManifest.xml:47:25-85
261            </intent-filter>
262            <intent-filter>
262-->[androidx.profileinstaller:profileinstaller:1.3.1] AndroidManifest.xml:49:13-51:29
263                <action android:name="androidx.profileinstaller.action.BENCHMARK_OPERATION" />
263-->[androidx.profileinstaller:profileinstaller:1.3.1] AndroidManifest.xml:50:17-95
263-->[androidx.profileinstaller:profileinstaller:1.3.1] AndroidManifest.xml:50:25-92
264            </intent-filter>
265        </receiver>
266    </application>
267
268</manifest>